<?xml version="1.0" encoding="UTF-8"?>
<testsuite xmlns:xsi="http://www.w3.org/2001/XMLSchema-instance" xsi:noNamespaceSchemaLocation="https://maven.apache.org/surefire/maven-surefire-plugin/xsd/surefire-test-report-3.0.xsd" version="3.0" name="com.unifor.br.chat_peer.ChatPeerApplicationTests" time="1.445" tests="1" errors="0" skipped="0" failures="0">
  <properties>
[...]
</properties>
  <testcase name="contextLoads" classname="com.unifor.br.chat_peer.ChatPeerApplicationTests" time="0.59">
    <system-out><![CDATA[20:12:40.496 [main] INFO org.springframework.test.context.support.AnnotationConfigContextLoaderUtils -- Could not detect default configuration classes for test class [com.unifor.br.chat_peer.ChatPeerApplicationTests]: ChatPeerApplicationTests does not declare any static, non-private, non-final, nested classes annotated with @Configuration.
20:12:40.575 [main] INFO org.springframework.boot.test.context.SpringBootTestContextBootstrapper -- Found @SpringBootConfiguration com.unifor.br.chat_peer.ChatPeerApplication for test class com.unifor.br.chat_peer.ChatPeerApplicationTests

  .   ____          _            __ _ _
 /\\ / ___'_ __ _ _(_)_ __  __ _ \ \ \ \
( ( )\___ | '_ | '_| | '_ \/ _` | \ \ \ \
 \\/  ___)| |_)| | | | | || (_| |  ) ) ) )
  '  |____| .__|_| |_|_| |_\__, | / / / /
 =========|_|==============|___/=/_/_/_/

 :: Spring Boot ::                (v4.0.2)

2026-02-11T20:12:40.923-03:00  INFO 16824 --- [chat-peer] [           main] c.u.b.c.ChatPeerApplicationTests         : Starting ChatPeerApplicationTests using Java 17.0.12 with PID 16824 (started by user in C:\Users\user\Desktop\Unifor\S07\CompDistribuida\AV1\chat-peer)
2026-02-11T20:12:40.924-03:00  INFO 16824 --- [chat-peer] [           main] c.u.b.c.ChatPeerApplicationTests         : No active profile set, falling back to 1 default profile: "default"
2026-02-11T20:12:41.186-03:00  INFO 16824 --- [chat-peer] [           main] c.u.b.c.ChatPeerApplicationTests         : Started ChatPeerApplicationTests in 0.494 seconds (process running for 1.382)
]]></system-out>
  </testcase>
</testsuite>